<?xml version="1.0" encoding="UTF-8"?>
<coverage generated="1603952213323" clover="3.2.0">
  <project timestamp="1603952213323" name="All files">
    <metrics statements="27" coveredstatements="14" conditionals="10" coveredconditionals="4" methods="8" coveredmethods="5" elements="45" coveredelements="23" complexity="0" loc="27" ncloc="27" packages="1" files="1" classes="1"/>
    <file name="fifo-animal-shelter.js" path="/Users/michaeleclavea/Desktop/codeFellow/code401/data-structures-algorithms-401/code-challenges/fifoAnimalShelter/fifo-animal-shelter.js">
      <metrics statements="27" coveredstatements="14" conditionals="10" coveredconditionals="4" methods="8" coveredmethods="5"/>
      <line num="4" count="2" type="stmt"/>
      <line num="5" count="2" type="stmt"/>
      <line num="10" count="3" type="stmt"/>
      <line num="11" count="3" type="stmt"/>
      <line num="14" count="3" type="cond" truecount="4" falsecount="0"/>
      <line num="15" count="1" type="stmt"/>
      <line num="17" count="2" type="stmt"/>
      <line num="18" count="0" type="stmt"/>
      <line num="19" count="0" type="stmt"/>
      <line num="21" count="2" type="stmt"/>
      <line num="22" count="2" type="stmt"/>
      <line num="23" count="0" type="stmt"/>
      <line num="24" count="0" type="stmt"/>
      <line num="29" count="0" type="cond" truecount="0" falsecount="4"/>
      <line num="30" count="0" type="stmt"/>
      <line num="33" count="0" type="stmt"/>
      <line num="40" count="6" type="stmt"/>
      <line num="43" count="2" type="stmt"/>
      <line num="44" count="2" type="stmt"/>
      <line num="45" count="2" type="stmt"/>
      <line num="48" count="0" type="stmt"/>
      <line num="49" count="0" type="stmt"/>
      <line num="50" count="0" type="stmt"/>
      <line num="51" count="0" type="stmt"/>
      <line num="54" count="0" type="cond" truecount="0" falsecount="2"/>
      <line num="55" count="0" type="stmt"/>
      <line num="59" count="1" type="stmt"/>
    </file>
  </project>
</coverage>
