{"/Users/michaeleclavea/Desktop/codeFellow/code401/data-structures-algorithms-401/code-challenges/11zip/11-zip.js": {"path":"/Users/michaeleclavea/Desktop/codeFellow/code401/data-structures-algorithms-401/code-challenges/11zip/11-zip.js","statementMap":{"0":{"start":{"line":7,"column":8},"end":{"line":7,"column":27}},"1":{"start":{"line":8,"column":8},"end":{"line":8,"column":25}},"2":{"start":{"line":15,"column":8},"end":{"line":15,"column":25}},"3":{"start":{"line":19,"column":8},"end":{"line":24,"column":9}},"4":{"start":{"line":20,"column":12},"end":{"line":20,"column":24}},"5":{"start":{"line":23,"column":12},"end":{"line":23,"column":25}},"6":{"start":{"line":28,"column":8},"end":{"line":37,"column":5}},"7":{"start":{"line":29,"column":22},"end":{"line":29,"column":37}},"8":{"start":{"line":30,"column":8},"end":{"line":30,"column":28}},"9":{"start":{"line":31,"column":8},"end":{"line":31,"column":21}},"10":{"start":{"line":34,"column":22},"end":{"line":34,"column":37}},"11":{"start":{"line":35,"column":8},"end":{"line":35,"column":33}},"12":{"start":{"line":36,"column":8},"end":{"line":36,"column":28}},"13":{"start":{"line":41,"column":22},"end":{"line":41,"column":31}},"14":{"start":{"line":42,"column":8},"end":{"line":53,"column":9}},"15":{"start":{"line":43,"column":12},"end":{"line":49,"column":13}},"16":{"start":{"line":44,"column":16},"end":{"line":44,"column":43}},"17":{"start":{"line":45,"column":16},"end":{"line":45,"column":28}},"18":{"start":{"line":48,"column":16},"end":{"line":48,"column":39}},"19":{"start":{"line":50,"column":12},"end":{"line":52,"column":13}},"20":{"start":{"line":51,"column":16},"end":{"line":51,"column":29}},"21":{"start":{"line":57,"column":23},"end":{"line":57,"column":25}},"22":{"start":{"line":58,"column":23},"end":{"line":58,"column":32}},"23":{"start":{"line":59,"column":8},"end":{"line":63,"column":9}},"24":{"start":{"line":60,"column":12},"end":{"line":60,"column":50}},"25":{"start":{"line":61,"column":12},"end":{"line":61,"column":37}},"26":{"start":{"line":65,"column":8},"end":{"line":65,"column":27}},"27":{"start":{"line":66,"column":8},"end":{"line":66,"column":24}},"28":{"start":{"line":70,"column":22},"end":{"line":70,"column":31}},"29":{"start":{"line":71,"column":8},"end":{"line":78,"column":9}},"30":{"start":{"line":72,"column":12},"end":{"line":77,"column":13}},"31":{"start":{"line":73,"column":16},"end":{"line":73,"column":39}},"32":{"start":{"line":75,"column":16},"end":{"line":75,"column":47}},"33":{"start":{"line":76,"column":16},"end":{"line":76,"column":22}},"34":{"start":{"line":81,"column":26},"end":{"line":81,"column":35}},"35":{"start":{"line":82,"column":12},"end":{"line":92,"column":8}},"36":{"start":{"line":83,"column":16},"end":{"line":91,"column":13}},"37":{"start":{"line":84,"column":20},"end":{"line":84,"column":43}},"38":{"start":{"line":87,"column":30},"end":{"line":87,"column":46}},"39":{"start":{"line":88,"column":16},"end":{"line":88,"column":44}},"40":{"start":{"line":89,"column":16},"end":{"line":89,"column":39}},"41":{"start":{"line":90,"column":16},"end":{"line":90,"column":22}},"42":{"start":{"line":96,"column":22},"end":{"line":96,"column":31}},"43":{"start":{"line":97,"column":8},"end":{"line":107,"column":9}},"44":{"start":{"line":98,"column":12},"end":{"line":106,"column":13}},"45":{"start":{"line":99,"column":16},"end":{"line":99,"column":39}},"46":{"start":{"line":102,"column":30},"end":{"line":102,"column":46}},"47":{"start":{"line":103,"column":16},"end":{"line":103,"column":44}},"48":{"start":{"line":104,"column":16},"end":{"line":104,"column":39}},"49":{"start":{"line":105,"column":16},"end":{"line":105,"column":22}},"50":{"start":{"line":110,"column":26},"end":{"line":110,"column":35}},"51":{"start":{"line":111,"column":30},"end":{"line":111,"column":31}},"52":{"start":{"line":112,"column":12},"end":{"line":115,"column":13}},"53":{"start":{"line":113,"column":16},"end":{"line":113,"column":39}},"54":{"start":{"line":114,"column":16},"end":{"line":114,"column":33}},"55":{"start":{"line":116,"column":16},"end":{"line":125,"column":17}},"56":{"start":{"line":117,"column":20},"end":{"line":117,"column":39}},"57":{"start":{"line":118,"column":23},"end":{"line":125,"column":17}},"58":{"start":{"line":119,"column":30},"end":{"line":119,"column":45}},"59":{"start":{"line":120,"column":20},"end":{"line":120,"column":40}},"60":{"start":{"line":121,"column":20},"end":{"line":123,"column":21}},"61":{"start":{"line":121,"column":33},"end":{"line":121,"column":34}},"62":{"start":{"line":122,"column":24},"end":{"line":122,"column":47}},"63":{"start":{"line":124,"column":20},"end":{"line":124,"column":41}},"64":{"start":{"line":135,"column":14},"end":{"line":135,"column":30}},"65":{"start":{"line":136,"column":18},"end":{"line":136,"column":34}},"66":{"start":{"line":137,"column":18},"end":{"line":137,"column":34}},"67":{"start":{"line":139,"column":12},"end":{"line":139,"column":13}},"68":{"start":{"line":140,"column":12},"end":{"line":140,"column":13}},"69":{"start":{"line":141,"column":3},"end":{"line":144,"column":4}},"70":{"start":{"line":142,"column":8},"end":{"line":142,"column":33}},"71":{"start":{"line":143,"column":8},"end":{"line":143,"column":15}},"72":{"start":{"line":145,"column":3},"end":{"line":148,"column":4}},"73":{"start":{"line":146,"column":7},"end":{"line":146,"column":32}},"74":{"start":{"line":147,"column":7},"end":{"line":147,"column":14}},"75":{"start":{"line":149,"column":3},"end":{"line":149,"column":31}},"76":{"start":{"line":150,"column":3},"end":{"line":150,"column":31}},"77":{"start":{"line":152,"column":3},"end":{"line":152,"column":36}},"78":{"start":{"line":153,"column":3},"end":{"line":153,"column":35}},"79":{"start":{"line":155,"column":11},"end":{"line":155,"column":16}},"80":{"start":{"line":156,"column":12},"end":{"line":171,"column":13}},"81":{"start":{"line":156,"column":25},"end":{"line":156,"column":26}},"82":{"start":{"line":157,"column":16},"end":{"line":162,"column":17}},"83":{"start":{"line":158,"column":20},"end":{"line":158,"column":51}},"84":{"start":{"line":159,"column":20},"end":{"line":159,"column":42}},"85":{"start":{"line":161,"column":19},"end":{"line":161,"column":41}},"86":{"start":{"line":163,"column":16},"end":{"line":170,"column":17}},"87":{"start":{"line":164,"column":20},"end":{"line":164,"column":45}},"88":{"start":{"line":165,"column":20},"end":{"line":165,"column":48}},"89":{"start":{"line":166,"column":20},"end":{"line":166,"column":42}},"90":{"start":{"line":169,"column":20},"end":{"line":169,"column":66}},"91":{"start":{"line":172,"column":12},"end":{"line":172,"column":33}},"92":{"start":{"line":177,"column":0},"end":{"line":177,"column":74}}},"fnMap":{"0":{"name":"(anonymous_0)","decl":{"start":{"line":6,"column":4},"end":{"line":6,"column":5}},"loc":{"start":{"line":6,"column":22},"end":{"line":9,"column":5}},"line":6},"1":{"name":"(anonymous_1)","decl":{"start":{"line":14,"column":4},"end":{"line":14,"column":5}},"loc":{"start":{"line":14,"column":17},"end":{"line":16,"column":5}},"line":14},"2":{"name":"(anonymous_2)","decl":{"start":{"line":18,"column":4},"end":{"line":18,"column":5}},"loc":{"start":{"line":18,"column":18},"end":{"line":25,"column":5}},"line":18},"3":{"name":"(anonymous_3)","decl":{"start":{"line":27,"column":4},"end":{"line":27,"column":5}},"loc":{"start":{"line":27,"column":17},"end":{"line":38,"column":5}},"line":27},"4":{"name":"(anonymous_4)","decl":{"start":{"line":40,"column":4},"end":{"line":40,"column":5}},"loc":{"start":{"line":40,"column":19},"end":{"line":54,"column":5}},"line":40},"5":{"name":"(anonymous_5)","decl":{"start":{"line":56,"column":4},"end":{"line":56,"column":5}},"loc":{"start":{"line":56,"column":14},"end":{"line":67,"column":5}},"line":56},"6":{"name":"(anonymous_6)","decl":{"start":{"line":69,"column":4},"end":{"line":69,"column":5}},"loc":{"start":{"line":69,"column":17},"end":{"line":79,"column":5}},"line":69},"7":{"name":"(anonymous_7)","decl":{"start":{"line":80,"column":7},"end":{"line":80,"column":8}},"loc":{"start":{"line":80,"column":34},"end":{"line":94,"column":5}},"line":80},"8":{"name":"(anonymous_8)","decl":{"start":{"line":95,"column":4},"end":{"line":95,"column":5}},"loc":{"start":{"line":95,"column":30},"end":{"line":108,"column":5}},"line":95},"9":{"name":"(anonymous_9)","decl":{"start":{"line":109,"column":8},"end":{"line":109,"column":9}},"loc":{"start":{"line":109,"column":17},"end":{"line":129,"column":9}},"line":109},"10":{"name":"zipList","decl":{"start":{"line":134,"column":9},"end":{"line":134,"column":16}},"loc":{"start":{"line":134,"column":30},"end":{"line":174,"column":1}},"line":134}},"branchMap":{"0":{"loc":{"start":{"line":19,"column":8},"end":{"line":24,"column":9}},"type":"if","locations":[{"start":{"line":19,"column":8},"end":{"line":24,"column":9}},{"start":{"line":19,"column":8},"end":{"line":24,"column":9}}],"line":19},"1":{"loc":{"start":{"line":28,"column":8},"end":{"line":37,"column":5}},"type":"if","locations":[{"start":{"line":28,"column":8},"end":{"line":37,"column":5}},{"start":{"line":28,"column":8},"end":{"line":37,"column":5}}],"line":28},"2":{"loc":{"start":{"line":43,"column":12},"end":{"line":49,"column":13}},"type":"if","locations":[{"start":{"line":43,"column":12},"end":{"line":49,"column":13}},{"start":{"line":43,"column":12},"end":{"line":49,"column":13}}],"line":43},"3":{"loc":{"start":{"line":50,"column":12},"end":{"line":52,"column":13}},"type":"if","locations":[{"start":{"line":50,"column":12},"end":{"line":52,"column":13}},{"start":{"line":50,"column":12},"end":{"line":52,"column":13}}],"line":50},"4":{"loc":{"start":{"line":72,"column":12},"end":{"line":77,"column":13}},"type":"if","locations":[{"start":{"line":72,"column":12},"end":{"line":77,"column":13}},{"start":{"line":72,"column":12},"end":{"line":77,"column":13}}],"line":72},"5":{"loc":{"start":{"line":83,"column":16},"end":{"line":91,"column":13}},"type":"if","locations":[{"start":{"line":83,"column":16},"end":{"line":91,"column":13}},{"start":{"line":83,"column":16},"end":{"line":91,"column":13}}],"line":83},"6":{"loc":{"start":{"line":98,"column":12},"end":{"line":106,"column":13}},"type":"if","locations":[{"start":{"line":98,"column":12},"end":{"line":106,"column":13}},{"start":{"line":98,"column":12},"end":{"line":106,"column":13}}],"line":98},"7":{"loc":{"start":{"line":116,"column":16},"end":{"line":125,"column":17}},"type":"if","locations":[{"start":{"line":116,"column":16},"end":{"line":125,"column":17}},{"start":{"line":116,"column":16},"end":{"line":125,"column":17}}],"line":116},"8":{"loc":{"start":{"line":118,"column":23},"end":{"line":125,"column":17}},"type":"if","locations":[{"start":{"line":118,"column":23},"end":{"line":125,"column":17}},{"start":{"line":118,"column":23},"end":{"line":125,"column":17}}],"line":118},"9":{"loc":{"start":{"line":157,"column":16},"end":{"line":162,"column":17}},"type":"if","locations":[{"start":{"line":157,"column":16},"end":{"line":162,"column":17}},{"start":{"line":157,"column":16},"end":{"line":162,"column":17}}],"line":157},"10":{"loc":{"start":{"line":163,"column":16},"end":{"line":170,"column":17}},"type":"if","locations":[{"start":{"line":163,"column":16},"end":{"line":170,"column":17}},{"start":{"line":163,"column":16},"end":{"line":170,"column":17}}],"line":163}},"s":{"0":11,"1":11,"2":3,"3":11,"4":3,"5":8,"6":11,"7":3,"8":3,"9":3,"10":8,"11":8,"12":8,"13":0,"14":0,"15":0,"16":0,"17":0,"18":0,"19":0,"20":0,"21":0,"22":0,"23":0,"24":0,"25":0,"26":0,"27":0,"28":0,"29":0,"30":0,"31":0,"32":0,"33":0,"34":0,"35":0,"36":0,"37":0,"38":0,"39":0,"40":0,"41":0,"42":0,"43":0,"44":0,"45":0,"46":0,"47":0,"48":0,"49":0,"50":0,"51":0,"52":0,"53":0,"54":0,"55":0,"56":0,"57":0,"58":0,"59":0,"60":0,"61":0,"62":0,"63":0,"64":1,"65":1,"66":1,"67":1,"68":1,"69":1,"70":1,"71":1,"72":1,"73":1,"74":1,"75":1,"76":1,"77":1,"78":1,"79":1,"80":1,"81":1,"82":1,"83":1,"84":1,"85":1,"86":1,"87":1,"88":1,"89":0,"90":0,"91":0,"92":1},"f":{"0":11,"1":3,"2":11,"3":11,"4":0,"5":0,"6":0,"7":0,"8":0,"9":0,"10":1},"b":{"0":[3,8],"1":[3,8],"2":[0,0],"3":[0,0],"4":[0,0],"5":[0,0],"6":[0,0],"7":[0,0],"8":[0,0],"9":[1,0],"10":[1,0]},"_coverageSchema":"1a1c01bbd47fc00a2c39e90264f33305004495a9","hash":"a59f15c6b2daf030855e0907f7fc55a078076a75"}
}
